0 info it worked if it ends with ok
1 verbose cli [ '/home/roberto/.nvm/versions/node/v6.9.4/bin/node',
1 verbose cli   '/home/roberto/.nvm/versions/node/v6.9.4/bin/npm',
1 verbose cli   'publish' ]
2 info using npm@3.10.10
3 info using node@v6.9.4
4 verbose publish [ '.' ]
5 silly cache add args [ '.', null ]
6 verbose cache add spec .
7 silly cache add parsed spec Result {
7 silly cache add   raw: '.',
7 silly cache add   scope: null,
7 silly cache add   escapedName: null,
7 silly cache add   name: null,
7 silly cache add   rawSpec: '.',
7 silly cache add   spec: '/home/roberto/Documents/study/reducer-matching',
7 silly cache add   type: 'directory' }
8 verbose addLocalDirectory /home/roberto/.npm/reducer-matching/0.5.0/package.tgz not in flight; packing
9 verbose correctMkdir /home/roberto/.npm correctMkdir not in flight; initializing
10 info lifecycle reducer-matching@0.5.0~prepublish: reducer-matching@0.5.0
11 verbose lifecycle reducer-matching@0.5.0~prepublish: unsafe-perm in lifecycle true
12 verbose lifecycle reducer-matching@0.5.0~prepublish: PATH: /home/roberto/.nvm/versions/node/v6.9.4/lib/node_modules/npm/bin/node-gyp-bin:/home/roberto/Documents/study/reducer-matching/node_modules/.bin:/usr/local/android-studio/android-studio/bin:/home/roberto/.yarn/bin:/home/roberto/.nvm/versions/node/v6.9.4/bin:/home/roberto/bin:/home/roberto/.local/bin:/usr/local/sbin:/usr/local/bin:/usr/sbin:/usr/bin:/sbin:/bin:/usr/games:/usr/local/games:/home/roberto/Android/Sdk/tools:/home/roberto/Android/Sdk/platform-tools
13 verbose lifecycle reducer-matching@0.5.0~prepublish: CWD: /home/roberto/Documents/study/reducer-matching
14 silly lifecycle reducer-matching@0.5.0~prepublish: Args: [ '-c', 'npm run compile && npm run minify' ]
15 silly lifecycle reducer-matching@0.5.0~prepublish: Returned: code: 0  signal: null
16 verbose tar pack [ '/home/roberto/.npm/reducer-matching/0.5.0/package.tgz',
16 verbose tar pack   '/home/roberto/Documents/study/reducer-matching' ]
17 verbose tarball /home/roberto/.npm/reducer-matching/0.5.0/package.tgz
18 verbose folder /home/roberto/Documents/study/reducer-matching
19 verbose addLocalTarball adding from inside cache /home/roberto/.npm/reducer-matching/0.5.0/package.tgz
20 verbose correctMkdir /home/roberto/.npm correctMkdir not in flight; initializing
21 silly cache afterAdd reducer-matching@0.5.0
22 verbose afterAdd /home/roberto/.npm/reducer-matching/0.5.0/package/package.json not in flight; writing
23 verbose correctMkdir /home/roberto/.npm correctMkdir not in flight; initializing
24 verbose afterAdd /home/roberto/.npm/reducer-matching/0.5.0/package/package.json written
25 silly publish { name: 'reducer-matching',
25 silly publish   version: '0.5.0',
25 silly publish   private: false,
25 silly publish   description: 'A functional redux utility to replace the switch case statement.',
25 silly publish   main: 'lib/reducerMatching.js',
25 silly publish   scripts:
25 silly publish    { test: 'echo "Error: no test specified" && exit 1',
25 silly publish      compile: 'babel --source-maps -d lib/ src/',
25 silly publish      minify: 'uglifyjs lib/reducerMatching.js --compress --preamble \'//reducerMatchingjs, MIT, https://github.com/IsTheJack/reducer-matching\' --source-map lib/reducerMatching.min.js.map --in-source-map lib/reducerMatching.js.map --mangle -o lib/reducerMatching.min.js',
25 silly publish      prepublish: 'npm run compile && npm run minify' },
25 silly publish   repository:
25 silly publish    { type: 'git',
25 silly publish      url: 'git://github.com/IsTheJack/reducer-matching.git' },
25 silly publish   bugs: { url: 'https://github.com/IsTheJack/reducer-matching/issues' },
25 silly publish   keywords:
25 silly publish    [ 'redux',
25 silly publish      'reducer',
25 silly publish      'matching',
25 silly publish      'utility',
25 silly publish      'helper',
25 silly publish      'functional',
25 silly publish      'reduce' ],
25 silly publish   author:
25 silly publish    { name: 'Roberto Oliveira',
25 silly publish      email: 'robertooliveira.dev@gmail.com' },
25 silly publish   license: 'MIT',
25 silly publish   dependencies: { ramda: '^0.23.0' },
25 silly publish   devDependencies:
25 silly publish    { 'babel-cli': '^6.23.0',
25 silly publish      'babel-preset-es2015': '^6.22.0',
25 silly publish      'uglify-js': '^2.7.5' },
25 silly publish   readme: '# reducer-matching\nA functional redux utility to replace the switch case statement.\n\nGet the pattern below as alternative to switch case statement\n\n```JS\nimport reducerMatching from \'reducer-matching\';\n\nconst appInitialState = {};\n\nconst app = (state = appInitialState, action) => reducerMatching(\n  [ types.INC_COUNT,            incrementCounter  ],\n  [ types.DEC_COUNT,            decrementCounter  ],\n  [ types.FETCH_USERS,          fetchUsers        ],\n  [ types.FETCH_USERS_SUCCESS,  fetchUsersSuccess ],\n  [ types.FETCH_USERS_FAILURE,  fetchUsersFailure ]\n)(state, action);\n```\n\n## Comming soon:\n* Tests\n* More examples and documentation\n',
25 silly publish   readmeFilename: 'README.md',
25 silly publish   gitHead: 'b28230af70f98e84e20f38ade5bedf4bc0e0d8ff',
25 silly publish   homepage: 'https://github.com/IsTheJack/reducer-matching#readme',
25 silly publish   _id: 'reducer-matching@0.5.0',
25 silly publish   _shasum: '7e2e86649499f017bf2403662a6f8401cf9f2d67',
25 silly publish   _from: '.' }
26 verbose getPublishConfig undefined
27 silly mapToRegistry name reducer-matching
28 silly mapToRegistry using default registry
29 silly mapToRegistry registry https://registry.npmjs.org/
30 silly mapToRegistry data Result {
30 silly mapToRegistry   raw: 'reducer-matching',
30 silly mapToRegistry   scope: null,
30 silly mapToRegistry   escapedName: 'reducer-matching',
30 silly mapToRegistry   name: 'reducer-matching',
30 silly mapToRegistry   rawSpec: '',
30 silly mapToRegistry   spec: 'latest',
30 silly mapToRegistry   type: 'tag' }
31 silly mapToRegistry uri https://registry.npmjs.org/reducer-matching
32 verbose publish registryBase https://registry.npmjs.org/
33 silly publish uploading /home/roberto/.npm/reducer-matching/0.5.0/package.tgz
34 verbose request uri https://registry.npmjs.org/reducer-matching
35 verbose request sending authorization for write operation
36 info attempt registry request try #1 at 11:46:46 PM
37 verbose request using bearer token for auth
38 verbose request id 6a68212f789000b8
39 http request PUT https://registry.npmjs.org/reducer-matching
40 http 403 https://registry.npmjs.org/reducer-matching
41 verbose headers { 'content-type': 'application/json',
41 verbose headers   'cache-control': 'max-age=300',
41 verbose headers   'content-length': '95',
41 verbose headers   'accept-ranges': 'bytes',
41 verbose headers   date: 'Sat, 25 Feb 2017 02:46:48 GMT',
41 verbose headers   via: '1.1 varnish',
41 verbose headers   connection: 'keep-alive',
41 verbose headers   'x-served-by': 'cache-gru7124-GRU',
41 verbose headers   'x-cache': 'MISS',
41 verbose headers   'x-cache-hits': '0',
41 verbose headers   'x-timer': 'S1487990808.041882,VS0,VE770',
41 verbose headers   vary: 'Accept-Encoding' }
42 verbose request invalidating /home/roberto/.npm/registry.npmjs.org/reducer-matching on PUT
43 error publish Failed PUT 403
44 verbose stack Error: "You cannot publish over the previously published version 0.5.0." : reducer-matching
44 verbose stack     at makeError (/home/roberto/.nvm/versions/node/v6.9.4/lib/node_modules/npm/node_modules/npm-registry-client/lib/request.js:302:12)
44 verbose stack     at CachingRegistryClient.<anonymous> (/home/roberto/.nvm/versions/node/v6.9.4/lib/node_modules/npm/node_modules/npm-registry-client/lib/request.js:290:14)
44 verbose stack     at Request._callback (/home/roberto/.nvm/versions/node/v6.9.4/lib/node_modules/npm/node_modules/npm-registry-client/lib/request.js:210:14)
44 verbose stack     at Request.self.callback (/home/roberto/.nvm/versions/node/v6.9.4/lib/node_modules/npm/node_modules/request/request.js:187:22)
44 verbose stack     at emitTwo (events.js:106:13)
44 verbose stack     at Request.emit (events.js:191:7)
44 verbose stack     at Request.<anonymous> (/home/roberto/.nvm/versions/node/v6.9.4/lib/node_modules/npm/node_modules/request/request.js:1048:10)
44 verbose stack     at emitOne (events.js:96:13)
44 verbose stack     at Request.emit (events.js:188:7)
44 verbose stack     at IncomingMessage.<anonymous> (/home/roberto/.nvm/versions/node/v6.9.4/lib/node_modules/npm/node_modules/request/request.js:969:12)
45 verbose statusCode 403
46 verbose pkgid reducer-matching
47 verbose cwd /home/roberto/Documents/study/reducer-matching
48 error Linux 4.4.0-57-generic
49 error argv "/home/roberto/.nvm/versions/node/v6.9.4/bin/node" "/home/roberto/.nvm/versions/node/v6.9.4/bin/npm" "publish"
50 error node v6.9.4
51 error npm  v3.10.10
52 error code E403
53 error "You cannot publish over the previously published version 0.5.0." : reducer-matching
54 error If you need help, you may report this error at:
54 error     <https://github.com/npm/npm/issues>
55 verbose exit [ 1, true ]
